1668957789100|0|statement|connection 28|url jdbc:h2:mem:testdb|alter table address drop foreign key FKcnw0s8hudme00qu71e3mqd5ih|alter table address drop foreign key FKcnw0s8hudme00qu71e3mqd5ih
1668957789102|0|statement|connection 28|url jdbc:h2:mem:testdb|alter table album drop foreign key FKminb9nib0bo4t9c4kpltxtuab|alter table album drop foreign key FKminb9nib0bo4t9c4kpltxtuab
1668957789102|0|statement|connection 28|url jdbc:h2:mem:testdb|alter table book drop foreign key FKgohd8evkxf3j9a0p4jk5evpiv|alter table book drop foreign key FKgohd8evkxf3j9a0p4jk5evpiv
1668957789102|0|statement|connection 28|url jdbc:h2:mem:testdb|alter table favorite_food drop foreign key FKnj8usku5ayu0pglsuhqoijhrm|alter table favorite_food drop foreign key FKnj8usku5ayu0pglsuhqoijhrm
1668957789119|0|statement|connection 28|url jdbc:h2:mem:testdb|alter table member drop foreign key FKtnhmjyc273qn6jvvlng5e0mic|alter table member drop foreign key FKtnhmjyc273qn6jvvlng5e0mic
1668957789119|0|statement|connection 28|url jdbc:h2:mem:testdb|alter table member drop foreign key FKcjte2jn9pvo9ud2hyfgwcja0k|alter table member drop foreign key FKcjte2jn9pvo9ud2hyfgwcja0k
1668957789120|0|statement|connection 28|url jdbc:h2:mem:testdb|alter table movie drop foreign key FKq2rg7rpjfg38px01dhl4qrik6|alter table movie drop foreign key FKq2rg7rpjfg38px01dhl4qrik6
1668957789120|0|statement|connection 28|url jdbc:h2:mem:testdb|alter table order_item drop foreign key FKija6hjjiit8dprnmvtvgdp6ru|alter table order_item drop foreign key FKija6hjjiit8dprnmvtvgdp6ru
1668957789120|0|statement|connection 28|url jdbc:h2:mem:testdb|alter table orders drop foreign key FKpktxwhj3x9m4gth5ff6bkqgeb|alter table orders drop foreign key FKpktxwhj3x9m4gth5ff6bkqgeb
1668957789120|0|statement|connection 28|url jdbc:h2:mem:testdb|drop table if exists address|drop table if exists address
1668957789121|0|statement|connection 28|url jdbc:h2:mem:testdb|drop table if exists album|drop table if exists album
1668957789121|0|statement|connection 28|url jdbc:h2:mem:testdb|drop table if exists book|drop table if exists book
1668957789121|0|statement|connection 28|url jdbc:h2:mem:testdb|drop table if exists favorite_food|drop table if exists favorite_food
1668957789121|0|statement|connection 28|url jdbc:h2:mem:testdb|drop table if exists hibernate_sequence|drop table if exists hibernate_sequence
1668957789121|0|statement|connection 28|url jdbc:h2:mem:testdb|drop table if exists item|drop table if exists item
1668957789121|0|statement|connection 28|url jdbc:h2:mem:testdb|drop table if exists locker|drop table if exists locker
1668957789121|0|statement|connection 28|url jdbc:h2:mem:testdb|drop table if exists member|drop table if exists member
1668957789121|0|statement|connection 28|url jdbc:h2:mem:testdb|drop table if exists movie|drop table if exists movie
1668957789122|0|statement|connection 28|url jdbc:h2:mem:testdb|drop table if exists order_item|drop table if exists order_item
1668957789122|0|statement|connection 28|url jdbc:h2:mem:testdb|drop table if exists orders|drop table if exists orders
1668957789122|0|statement|connection 28|url jdbc:h2:mem:testdb|drop table if exists posts|drop table if exists posts
1668957789122|0|statement|connection 28|url jdbc:h2:mem:testdb|drop table if exists team|drop table if exists team
1668957789122|0|statement|connection 28|url jdbc:h2:mem:testdb|drop table if exists user|drop table if exists user
1669025454869|0|statement|connection 25|url jdbc:h2:mem:88776fbe-ae37-4479-a128-9233fd1bfc12|alter table address drop foreign key FKcnw0s8hudme00qu71e3mqd5ih|alter table address drop foreign key FKcnw0s8hudme00qu71e3mqd5ih
1669025454870|0|statement|connection 25|url jdbc:h2:mem:88776fbe-ae37-4479-a128-9233fd1bfc12|alter table album drop foreign key FKminb9nib0bo4t9c4kpltxtuab|alter table album drop foreign key FKminb9nib0bo4t9c4kpltxtuab
1669025454870|0|statement|connection 25|url jdbc:h2:mem:88776fbe-ae37-4479-a128-9233fd1bfc12|alter table book drop foreign key FKgohd8evkxf3j9a0p4jk5evpiv|alter table book drop foreign key FKgohd8evkxf3j9a0p4jk5evpiv
1669025454871|0|statement|connection 25|url jdbc:h2:mem:88776fbe-ae37-4479-a128-9233fd1bfc12|alter table favorite_food drop foreign key FKnj8usku5ayu0pglsuhqoijhrm|alter table favorite_food drop foreign key FKnj8usku5ayu0pglsuhqoijhrm
1669025454871|0|statement|connection 25|url jdbc:h2:mem:88776fbe-ae37-4479-a128-9233fd1bfc12|alter table member drop foreign key FKtnhmjyc273qn6jvvlng5e0mic|alter table member drop foreign key FKtnhmjyc273qn6jvvlng5e0mic
1669025454871|0|statement|connection 25|url jdbc:h2:mem:88776fbe-ae37-4479-a128-9233fd1bfc12|alter table member drop foreign key FKcjte2jn9pvo9ud2hyfgwcja0k|alter table member drop foreign key FKcjte2jn9pvo9ud2hyfgwcja0k
1669025454872|0|statement|connection 25|url jdbc:h2:mem:88776fbe-ae37-4479-a128-9233fd1bfc12|alter table movie drop foreign key FKq2rg7rpjfg38px01dhl4qrik6|alter table movie drop foreign key FKq2rg7rpjfg38px01dhl4qrik6
1669025454872|0|statement|connection 25|url jdbc:h2:mem:88776fbe-ae37-4479-a128-9233fd1bfc12|alter table order_item drop foreign key FKija6hjjiit8dprnmvtvgdp6ru|alter table order_item drop foreign key FKija6hjjiit8dprnmvtvgdp6ru
1669025454872|0|statement|connection 25|url jdbc:h2:mem:88776fbe-ae37-4479-a128-9233fd1bfc12|alter table orders drop foreign key FKpktxwhj3x9m4gth5ff6bkqgeb|alter table orders drop foreign key FKpktxwhj3x9m4gth5ff6bkqgeb
1669025454872|0|statement|connection 25|url jdbc:h2:mem:88776fbe-ae37-4479-a128-9233fd1bfc12|drop table if exists address|drop table if exists address
1669025454873|0|statement|connection 25|url jdbc:h2:mem:88776fbe-ae37-4479-a128-9233fd1bfc12|drop table if exists album|drop table if exists album
1669025454873|0|statement|connection 25|url jdbc:h2:mem:88776fbe-ae37-4479-a128-9233fd1bfc12|drop table if exists book|drop table if exists book
1669025454873|0|statement|connection 25|url jdbc:h2:mem:88776fbe-ae37-4479-a128-9233fd1bfc12|drop table if exists favorite_food|drop table if exists favorite_food
1669025454873|0|statement|connection 25|url jdbc:h2:mem:88776fbe-ae37-4479-a128-9233fd1bfc12|drop table if exists hibernate_sequence|drop table if exists hibernate_sequence
1669025454873|0|statement|connection 25|url jdbc:h2:mem:88776fbe-ae37-4479-a128-9233fd1bfc12|drop table if exists item|drop table if exists item
1669025454873|0|statement|connection 25|url jdbc:h2:mem:88776fbe-ae37-4479-a128-9233fd1bfc12|drop table if exists locker|drop table if exists locker
1669025454873|0|statement|connection 25|url jdbc:h2:mem:88776fbe-ae37-4479-a128-9233fd1bfc12|drop table if exists member|drop table if exists member
1669025454873|0|statement|connection 25|url jdbc:h2:mem:88776fbe-ae37-4479-a128-9233fd1bfc12|drop table if exists movie|drop table if exists movie
1669025454874|0|statement|connection 25|url jdbc:h2:mem:88776fbe-ae37-4479-a128-9233fd1bfc12|drop table if exists order_item|drop table if exists order_item
1669025454874|0|statement|connection 25|url jdbc:h2:mem:88776fbe-ae37-4479-a128-9233fd1bfc12|drop table if exists orders|drop table if exists orders
1669025454874|0|statement|connection 25|url jdbc:h2:mem:88776fbe-ae37-4479-a128-9233fd1bfc12|drop table if exists posts|drop table if exists posts
1669025454874|0|statement|connection 25|url jdbc:h2:mem:88776fbe-ae37-4479-a128-9233fd1bfc12|drop table if exists team|drop table if exists team
1669025454874|0|statement|connection 25|url jdbc:h2:mem:88776fbe-ae37-4479-a128-9233fd1bfc12|drop table if exists user|drop table if exists user
1669025705115|0|statement|connection 25|url jdbc:h2:mem:563de7b4-de0e-4851-bb17-78d1bea210cc|alter table address drop foreign key FKcnw0s8hudme00qu71e3mqd5ih|alter table address drop foreign key FKcnw0s8hudme00qu71e3mqd5ih
1669025705116|0|statement|connection 25|url jdbc:h2:mem:563de7b4-de0e-4851-bb17-78d1bea210cc|alter table album drop foreign key FKminb9nib0bo4t9c4kpltxtuab|alter table album drop foreign key FKminb9nib0bo4t9c4kpltxtuab
1669025705116|0|statement|connection 25|url jdbc:h2:mem:563de7b4-de0e-4851-bb17-78d1bea210cc|alter table book drop foreign key FKgohd8evkxf3j9a0p4jk5evpiv|alter table book drop foreign key FKgohd8evkxf3j9a0p4jk5evpiv
1669025705116|0|statement|connection 25|url jdbc:h2:mem:563de7b4-de0e-4851-bb17-78d1bea210cc|alter table favorite_food drop foreign key FKnj8usku5ayu0pglsuhqoijhrm|alter table favorite_food drop foreign key FKnj8usku5ayu0pglsuhqoijhrm
1669025705116|0|statement|connection 25|url jdbc:h2:mem:563de7b4-de0e-4851-bb17-78d1bea210cc|alter table member drop foreign key FKtnhmjyc273qn6jvvlng5e0mic|alter table member drop foreign key FKtnhmjyc273qn6jvvlng5e0mic
1669025705117|0|statement|connection 25|url jdbc:h2:mem:563de7b4-de0e-4851-bb17-78d1bea210cc|alter table member drop foreign key FKcjte2jn9pvo9ud2hyfgwcja0k|alter table member drop foreign key FKcjte2jn9pvo9ud2hyfgwcja0k
1669025705117|0|statement|connection 25|url jdbc:h2:mem:563de7b4-de0e-4851-bb17-78d1bea210cc|alter table movie drop foreign key FKq2rg7rpjfg38px01dhl4qrik6|alter table movie drop foreign key FKq2rg7rpjfg38px01dhl4qrik6
1669025705117|0|statement|connection 25|url jdbc:h2:mem:563de7b4-de0e-4851-bb17-78d1bea210cc|alter table order_item drop foreign key FKija6hjjiit8dprnmvtvgdp6ru|alter table order_item drop foreign key FKija6hjjiit8dprnmvtvgdp6ru
1669025705117|0|statement|connection 25|url jdbc:h2:mem:563de7b4-de0e-4851-bb17-78d1bea210cc|alter table orders drop foreign key FKpktxwhj3x9m4gth5ff6bkqgeb|alter table orders drop foreign key FKpktxwhj3x9m4gth5ff6bkqgeb
1669025705117|0|statement|connection 25|url jdbc:h2:mem:563de7b4-de0e-4851-bb17-78d1bea210cc|drop table if exists address|drop table if exists address
1669025705117|0|statement|connection 25|url jdbc:h2:mem:563de7b4-de0e-4851-bb17-78d1bea210cc|drop table if exists album|drop table if exists album
1669025705117|0|statement|connection 25|url jdbc:h2:mem:563de7b4-de0e-4851-bb17-78d1bea210cc|drop table if exists book|drop table if exists book
1669025705117|0|statement|connection 25|url jdbc:h2:mem:563de7b4-de0e-4851-bb17-78d1bea210cc|drop table if exists favorite_food|drop table if exists favorite_food
1669025705117|0|statement|connection 25|url jdbc:h2:mem:563de7b4-de0e-4851-bb17-78d1bea210cc|drop table if exists hibernate_sequence|drop table if exists hibernate_sequence
1669025705117|0|statement|connection 25|url jdbc:h2:mem:563de7b4-de0e-4851-bb17-78d1bea210cc|drop table if exists item|drop table if exists item
1669025705118|0|statement|connection 25|url jdbc:h2:mem:563de7b4-de0e-4851-bb17-78d1bea210cc|drop table if exists locker|drop table if exists locker
1669025705118|0|statement|connection 25|url jdbc:h2:mem:563de7b4-de0e-4851-bb17-78d1bea210cc|drop table if exists member|drop table if exists member
1669025705118|0|statement|connection 25|url jdbc:h2:mem:563de7b4-de0e-4851-bb17-78d1bea210cc|drop table if exists movie|drop table if exists movie
1669025705118|0|statement|connection 25|url jdbc:h2:mem:563de7b4-de0e-4851-bb17-78d1bea210cc|drop table if exists order_item|drop table if exists order_item
1669025705118|0|statement|connection 25|url jdbc:h2:mem:563de7b4-de0e-4851-bb17-78d1bea210cc|drop table if exists orders|drop table if exists orders
1669025705118|0|statement|connection 25|url jdbc:h2:mem:563de7b4-de0e-4851-bb17-78d1bea210cc|drop table if exists posts|drop table if exists posts
1669025705118|0|statement|connection 25|url jdbc:h2:mem:563de7b4-de0e-4851-bb17-78d1bea210cc|drop table if exists team|drop table if exists team
1669025705118|0|statement|connection 25|url jdbc:h2:mem:563de7b4-de0e-4851-bb17-78d1bea210cc|drop table if exists user|drop table if exists user
